<?xml version="1.0" encoding="UTF-8"?>
<!-- Generated by org.testng.reporters.JUnitReportReporter -->
<testsuite skipped="0" hostname="DESKTOP-DC93QGP" name="testScripts.CreateUser" tests="1" failures="0" timestamp="2021-05-18T11:25:37 IST" time="27.258" errors="0">
  <testcase name="orageHRM_create_user" time="27.258" classname="testScripts.CreateUser"/>
</testsuite> <!-- testScripts.CreateUser -->
