<?xml version="1.0" encoding="UTF-8"?>
<!-- Generated by org.testng.reporters.JUnitReportReporter -->
<testsuite skipped="0" hostname="DESKTOP-DC93QGP" name="testScripts.EditUser" tests="1" failures="0" timestamp="2021-05-18T11:25:38 IST" time="37.104" errors="0">
  <testcase name="orageHRM_edit_user" time="37.104" classname="testScripts.EditUser"/>
</testsuite> <!-- testScripts.EditUser -->
