<?xml version="1.0" encoding="UTF-8"?>
<!-- Generated by org.testng.reporters.JUnitReportReporter -->
<testsuite skipped="0" hostname="DESKTOP-DC93QGP" name="testScripts.DeleteUser" tests="1" failures="0" timestamp="2021-05-18T11:25:38 IST" time="24.886" errors="0">
  <testcase name="orageHRM_delete_user" time="24.886" classname="testScripts.DeleteUser"/>
</testsuite> <!-- testScripts.DeleteUser -->
